Построение начато 22.12.2016 18:24:57.
     1>Проект "F:\УЧЁБА\ДНУ ФПМ\ПМ-14-.. 3 курс\V семестр\Прога(С++)\Cisco\GlushchukRoman._Proga_C++._miniLabsOfCisco\Labs_Chapter2\Labs_Chapter2.vcxproj" в узле 2 (целевые объекты Build).
     1>ClCompile:
         F:\ФАЙЛЫ\Visual Studio 2012 Ultimate\VC\bin\CL.exe /c /ZI /nologo /W3 /WX- /sdl /Od /Oy- /D WIN32 /D _DEBUG /D _CONSOLE /D _UNICODE /D UNICODE /Gm /EHsc /RTC1 /MDd /GS /fp:precise /Zc:wchar_t /Zc:forScope /Fo"Debug\\" /Fd"Debug\vc110.pdb" /Gd /TP /analyze- /errorReport:prompt Main.cpp
         Main.cpp
     1>f:\учёба\дну фпм\пм-14-.. 3 курс\v семестр\прога(с++)\cisco\glushchukroman._proga_c++._minilabsofcisco\labs_chapter2\main.cpp(17): warning C4566: символ, представленный универсальным именем символа  "\u03C0", невозможно представить в текущей кодовой странице (1251)
     1>f:\учёба\дну фпм\пм-14-.. 3 курс\v семестр\прога(с++)\cisco\glushchukroman._proga_c++._minilabsofcisco\labs_chapter2\main.cpp(73): warning C4566: символ, представленный универсальным именем символа  "\u03C0", невозможно представить в текущей кодовой странице (1251)
       Link:
         F:\ФАЙЛЫ\Visual Studio 2012 Ultimate\VC\bin\link.exe /ERRORREPORT:PROMPT /OUT:"F:\УЧЁБА\ДНУ ФПМ\ПМ-14-.. 3 курс\V семестр\Прога(С++)\Cisco\GlushchukRoman._Proga_C++._miniLabsOfCisco\Debug\Labs_Chapter2.exe" /INCREMENTAL /NOLOGO kernel32.lib user32.lib gdi32.lib winspool.lib comdlg32.lib advapi32.lib shell32.lib ole32.lib oleaut32.lib uuid.lib odbc32.lib odbccp32.lib /MANIFEST /MANIFESTUAC:"level='asInvoker' uiAccess='false'" /manifest:embed /DEBUG /PDB:"F:\УЧЁБА\ДНУ ФПМ\ПМ-14-.. 3 курс\V семестр\Прога(С++)\Cisco\GlushchukRoman._Proga_C++._miniLabsOfCisco\Debug\Labs_Chapter2.pdb" /SUBSYSTEM:CONSOLE /TLBID:1 /DYNAMICBASE /NXCOMPAT /IMPLIB:"F:\УЧЁБА\ДНУ ФПМ\ПМ-14-.. 3 курс\V семестр\Прога(С++)\Cisco\GlushchukRoman._Proga_C++._miniLabsOfCisco\Debug\Labs_Chapter2.lib" /MACHINE:X86 "Debug\lab_2_11_6_(1)-B.obj"
         "Debug\lab_2_11_6_(2)-B.obj"
         "Debug\lab_2_1_5_(1)-A.obj"
         "Debug\lab_2_1_5_(2)-B.obj"
         "Debug\lab_2_1_5_(3)-B.obj"
         "Debug\lab_2_1_5_(4)-B.obj"
         "Debug\lab_2_1_5_(5)-B.obj"
         "Debug\lab_2_3_19_(1)-B.obj"
         "Debug\lab_2_3_19_(2)-A.obj"
         "Debug\lab_2_3_19_(3)-A.obj"
         "Debug\lab_2_3_19_(4)-B.obj"
         "Debug\lab_2_3_19_(5)-B.obj"
         "Debug\lab_2_3_19_(6)-B.obj"
         "Debug\lab_2_3_19_(7)-A.obj"
         "Debug\lab_2_3_19_(8)-A.obj"
         "Debug\lab_2_3_19_(9)-C.obj"
         "Debug\lab_2_4_23_(1)-A.obj"
         "Debug\lab_2_4_23_(2)-B.obj"
         "Debug\lab_2_5_4_(1)-B.obj"
         "Debug\lab_2_9_8_(1)-A.obj"
         "Debug\lab_2_9_8_(2)-C.obj"
         "Debug\lab_2_9_8_(3)-A.obj"
         "Debug\lab_2_9_8_(4)-B.obj"
         "Debug\lab_2_9_8_(5)-B.obj"
         Debug\Main.obj
         Labs_Chapter2.vcxproj -> F:\УЧЁБА\ДНУ ФПМ\ПМ-14-.. 3 курс\V семестр\Прога(С++)\Cisco\GlushchukRoman._Proga_C++._miniLabsOfCisco\Debug\Labs_Chapter2.exe
     1>Построение проекта "F:\УЧЁБА\ДНУ ФПМ\ПМ-14-.. 3 курс\V семестр\Прога(С++)\Cisco\GlushchukRoman._Proga_C++._miniLabsOfCisco\Labs_Chapter2\Labs_Chapter2.vcxproj" завершено (целевые объекты Build).

Построение успешно завершено.

Затраченное время: 00:00:06.06
