Построение начато 23.12.2016 20:08:58.
     1>Проект "F:\УЧЁБА\ДНУ ФПМ\ПМ-14-.. 3 курс\V семестр\Прога(С++)\Cisco\GlushchukRoman._Proga_C++._miniLabsOfCisco\Labs_Chapter3\Labs_Chapter3.vcxproj" в узле 2 (целевые объекты Build).
     1>ClCompile:
         F:\ФАЙЛЫ\Visual Studio 2012 Ultimate\VC\bin\CL.exe /c /ZI /nologo /W3 /WX- /sdl /Od /Oy- /D WIN32 /D _DEBUG /D _CONSOLE /D _UNICODE /D UNICODE /Gm /EHsc /RTC1 /MDd /GS /fp:precise /Zc:wchar_t /Zc:forScope /Fo"Debug\\" /Fd"Debug\vc110.pdb" /Gd /TP /analyze- /errorReport:prompt "lab_3_10_8_(1)-B.cpp" "lab_3_2_12_(2)-B.cpp"
         lab_3_2_12_(2)-B.cpp
         lab_3_10_8_(1)-B.cpp
     1>f:\учёба\дну фпм\пм-14-.. 3 курс\v семестр\прога(с++)\cisco\glushchukroman._proga_c++._minilabsofcisco\labs_chapter3\lab_3_10_8_(1)-b.cpp(22): warning C4244: аргумент: преобразование "time_t" в "unsigned int", возможна потеря данных
         Создание кода...
       Link:
         F:\ФАЙЛЫ\Visual Studio 2012 Ultimate\VC\bin\link.exe /ERRORREPORT:PROMPT /OUT:"F:\УЧЁБА\ДНУ ФПМ\ПМ-14-.. 3 курс\V семестр\Прога(С++)\Cisco\GlushchukRoman._Proga_C++._miniLabsOfCisco\Debug\Labs_Chapter3.exe" /INCREMENTAL /NOLOGO kernel32.lib user32.lib gdi32.lib winspool.lib comdlg32.lib advapi32.lib shell32.lib ole32.lib oleaut32.lib uuid.lib odbc32.lib odbccp32.lib /MANIFEST /MANIFESTUAC:"level='asInvoker' uiAccess='false'" /manifest:embed /DEBUG /PDB:"F:\УЧЁБА\ДНУ ФПМ\ПМ-14-.. 3 курс\V семестр\Прога(С++)\Cisco\GlushchukRoman._Proga_C++._miniLabsOfCisco\Debug\Labs_Chapter3.pdb" /SUBSYSTEM:CONSOLE /TLBID:1 /DYNAMICBASE /NXCOMPAT /IMPLIB:"F:\УЧЁБА\ДНУ ФПМ\ПМ-14-.. 3 курс\V семестр\Прога(С++)\Cisco\GlushchukRoman._Proga_C++._miniLabsOfCisco\Debug\Labs_Chapter3.lib" /MACHINE:X86 "Debug\lab_3_10_8_(1)-B.obj"
         "Debug\lab_3_10_8_(2)-A.obj"
         "Debug\lab_3_2_12_(1)-A.obj"
         "Debug\lab_3_2_12_(2)-B.obj"
         "Debug\lab_3_4_7_(1)-B.obj"
         "Debug\lab_3_4_7_(2)-B.obj"
         "Debug\lab_3_4_7_(3)-B.obj"
         "Debug\lab_3_4_7_(4)-B.obj"
         "Debug\lab_3_4_7_(5)-B.obj"
         "Debug\lab_3_4_7_(6)-B.obj"
         "Debug\lab_3_6_3_(1)-A.obj"
         "Debug\lab_3_8_7_(1)-A.obj"
         Debug\Main.obj
         Labs_Chapter3.vcxproj -> F:\УЧЁБА\ДНУ ФПМ\ПМ-14-.. 3 курс\V семестр\Прога(С++)\Cisco\GlushchukRoman._Proga_C++._miniLabsOfCisco\Debug\Labs_Chapter3.exe
     1>Построение проекта "F:\УЧЁБА\ДНУ ФПМ\ПМ-14-.. 3 курс\V семестр\Прога(С++)\Cisco\GlushchukRoman._Proga_C++._miniLabsOfCisco\Labs_Chapter3\Labs_Chapter3.vcxproj" завершено (целевые объекты Build).

Построение успешно завершено.

Затраченное время: 00:00:03.21
